<?xml version="1.0" encoding="UTF-8"?>
<!-- Generated by org.testng.reporters.JUnitXMLReporter -->
<testsuite ignored="3" hostname="DESKTOP-JAS0CHU" failures="0" tests="2" name="Test" time="0.114" errors="0" timestamp="2025-01-31T10:20:07 IST">
  <testcase classname="TestNGAnnotation.TestNGFirstClass" name="Testcase3" time="0.033"/>
  <testcase classname="TestNGAnnotation.TestMGSecondcalss" name="Testcase5" time="0.001"/>
  <testcase classname="TestNGAnnotation.TestNGFirstClass" name="Testcase1" time="0.0">
    <ignored/>
  </testcase> <!-- Testcase1 -->
  <testcase classname="TestNGAnnotation.TestNGFirstClass" name="Testcase2" time="0.0">
    <ignored/>
  </testcase> <!-- Testcase2 -->
  <testcase classname="TestNGAnnotation.TestNGFirstClass" name="Testcase4" time="0.0">
    <ignored/>
  </testcase> <!-- Testcase4 -->
</testsuite> <!-- Test -->
